<?xml version="1.0" encoding="UTF-8"?>
<testsuite xmlns:xsi="http://www.w3.org/2001/XMLSchema-instance" xsi:noNamespaceSchemaLocation="https://maven.apache.org/surefire/maven-surefire-plugin/xsd/surefire-test-report-3.0.xsd" version="3.0" name="org.example.ShapeTest" time="0.0" tests="2" errors="0" skipped="0" failures="0">
  <properties>
    <property name="java.specification.version" value="23"/>
    <property name="sun.cpu.isalist" value="amd64"/>
    <property name="sun.jnu.encoding" value="Cp1250"/>
    <property name="java.class.path" value="D:\Studia\lab 3 v.2\target\test-classes;D:\Studia\lab 3 v.2\target\classes;C:\Users\Wojtek\.m2\repository\org\slf4j\slf4j-simple\2.0.4\slf4j-simple-2.0.4.jar;C:\Users\Wojtek\.m2\repository\org\slf4j\slf4j-api\2.0.4\slf4j-api-2.0.4.jar;C:\Users\Wojtek\.m2\repository\junit\junit\4.13.2\junit-4.13.2.jar;C:\Users\Wojtek\.m2\repository\org\hamcrest\hamcrest-core\1.3\hamcrest-core-1.3.jar;"/>
    <property name="java.vm.vendor" value="Oracle Corporation"/>
    <property name="sun.arch.data.model" value="64"/>
    <property name="user.variant" value=""/>
    <property name="java.vendor.url" value="https://java.oracle.com/"/>
    <property name="user.timezone" value="Europe/Warsaw"/>
    <property name="os.name" value="Windows 10"/>
    <property name="java.vm.specification.version" value="23"/>
    <property name="sun.java.launcher" value="SUN_STANDARD"/>
    <property name="user.country" value="PL"/>
    <property name="sun.boot.library.path" value="E:\IntelliJ JDK\bin"/>
    <property name="sun.java.command" value="C:\Users\Wojtek\AppData\Local\Temp\surefire16784514023607185937\surefirebooter-20241130231752966_3.jar C:\Users\Wojtek\AppData\Local\Temp\surefire16784514023607185937 2024-11-30T23-17-52_775-jvmRun1 surefire-20241130231752966_1tmp surefire_0-20241130231752966_2tmp"/>
    <property name="jdk.debug" value="release"/>
    <property name="surefire.test.class.path" value="D:\Studia\lab 3 v.2\target\test-classes;D:\Studia\lab 3 v.2\target\classes;C:\Users\Wojtek\.m2\repository\org\slf4j\slf4j-simple\2.0.4\slf4j-simple-2.0.4.jar;C:\Users\Wojtek\.m2\repository\org\slf4j\slf4j-api\2.0.4\slf4j-api-2.0.4.jar;C:\Users\Wojtek\.m2\repository\junit\junit\4.13.2\junit-4.13.2.jar;C:\Users\Wojtek\.m2\repository\org\hamcrest\hamcrest-core\1.3\hamcrest-core-1.3.jar;"/>
    <property name="sun.cpu.endian" value="little"/>
    <property name="user.home" value="C:\Users\Wojtek"/>
    <property name="user.language" value="pl"/>
    <property name="java.specification.vendor" value="Oracle Corporation"/>
    <property name="java.version.date" value="2024-10-15"/>
    <property name="java.home" value="E:\IntelliJ JDK"/>
    <property name="file.separator" value="\"/>
    <property name="basedir" value="D:\Studia\lab 3 v.2"/>
    <property name="java.vm.compressedOopsMode" value="Zero based"/>
    <property name="line.separator" value="&#10;"/>
    <property name="java.vm.specification.vendor" value="Oracle Corporation"/>
    <property name="java.specification.name" value="Java Platform API Specification"/>
    <property name="surefire.real.class.path" value="C:\Users\Wojtek\AppData\Local\Temp\surefire16784514023607185937\surefirebooter-20241130231752966_3.jar"/>
    <property name="user.script" value=""/>
    <property name="sun.management.compiler" value="HotSpot 64-Bit Tiered Compilers"/>
    <property name="java.runtime.version" value="23.0.1+11-39"/>
    <property name="user.name" value="Wojtek"/>
    <property name="stdout.encoding" value="Cp1250"/>
    <property name="path.separator" value=";"/>
    <property name="os.version" value="10.0"/>
    <property name="java.runtime.name" value="OpenJDK Runtime Environment"/>
    <property name="file.encoding" value="UTF-8"/>
    <property name="java.vm.name" value="OpenJDK 64-Bit Server VM"/>
    <property name="localRepository" value="C:\Users\Wojtek\.m2\repository"/>
    <property name="java.vendor.url.bug" value="https://bugreport.java.com/bugreport/"/>
    <property name="java.io.tmpdir" value="C:\Users\Wojtek\AppData\Local\Temp\"/>
    <property name="idea.version" value="2024.3"/>
    <property name="java.version" value="23.0.1"/>
    <property name="user.dir" value="D:\Studia\lab 3 v.2"/>
    <property name="os.arch" value="amd64"/>
    <property name="java.vm.specification.name" value="Java Virtual Machine Specification"/>
    <property name="sun.os.patch.level" value=""/>
    <property name="native.encoding" value="Cp1250"/>
    <property name="java.library.path" value="E:\IntelliJ JDK\bin;C:\WINDOWS\Sun\Java\bin;C:\WINDOWS\system32;C:\WINDOWS;C:\Program Files (x86)\Common Files\Oracle\Java\java8path;C:\Program Files (x86)\Common Files\Oracle\Java\javapath;C:\Windows\system32;C:\Windows;C:\Windows\System32\Wbem;C:\Windows\System32\WindowsPowerShell\v1.0\;C:\Windows\System32\OpenSSH\;C:\Program Files\NVIDIA Corporation\NVIDIA NvDLISR;C:\sqlite\;C:\Program Files\MySQL\MySQL Server 8.0\bin;C:\Users\Wojtek\AppData\Roaming\nvm;C:\Program Files\nodejs;C:\MinGW\bin;C:\WINDOWS\system32;C:\WINDOWS;C:\WINDOWS\System32\Wbem;C:\WINDOWS\System32\WindowsPowerShell\v1.0\;C:\WINDOWS\System32\OpenSSH\;C:\Program Files (x86)\ATI Technologies\ATI.ACE\Core-Static;G:\ATI.ACE\Core-Static;C:\Program Files\dotnet\;C:\Program Files (x86)\NVIDIA Corporation\PhysX\Common;C:\Program Files\Git\cmd;C:\Program Files\PuTTY\;C:\Users\Wojtek\scoop\shims;C:\Users\Wojtek\AppData\Local\Programs\Python\Python39\Scripts\;C:\Users\Wojtek\AppData\Local\Programs\Python\Python39\;C:\Ruby25-x64\bin;C:\Ruby27-x64\bin;C:\RailsInstaller\Git\cmd;C:\RailsInstaller\Ruby2.3.3\bin;C:\Users\Wojtek\AppData\Local\Programs\Python\Python38-32\Scripts\;C:\Users\Wojtek\AppData\Local\Programs\Python\Python38-32\;C:\Users\Wojtek\AppData\Local\Microsoft\WindowsApps;C:\Users\Wojtek\AppData\Local\Programs\Microsoft VS Code\bin;C:\Users\Wojtek\AppData\Roaming\npm;G:\HerokuCLI\heroku\bin;C:\Users\Wojtek\AppData\Roaming\nvm;C:\Program Files\nodejs;D:\Flutter\bin;C:\Program Files (x86)\Fing\bin;E:\Fing\bin;c:\users\wojtek\.local\bin;E:\IntelliJ IDEA\IntelliJ IDEA 2024.3\bin;;."/>
    <property name="java.vm.info" value="mixed mode, sharing"/>
    <property name="stderr.encoding" value="Cp1250"/>
    <property name="java.vendor" value="Oracle Corporation"/>
    <property name="java.vm.version" value="23.0.1+11-39"/>
    <property name="sun.io.unicode.encoding" value="UnicodeLittle"/>
    <property name="java.class.version" value="67.0"/>
  </properties>
  <testcase name="testPrintShapeName" classname="org.example.ShapeTest" time="0.0"/>
  <testcase name="testColorDescription" classname="org.example.ShapeTest" time="0.0"/>
</testsuite>